"GET /php/phpinfo.php HTTP/1.1" 10254/59048 (17%)
"GET /php/phpinfo.php?=PHPE9568F34-D428-11d2-A769-00AA001ACF42 HTTP/1.1" 2529/2524 (100%)
"GET /php/phpinfo.php?=PHPE9568F35-D428-11d2-A769-00AA001ACF42 HTTP/1.1" 2151/2146 (100%)
"GET /php/phpinfo.php HTTP/1.1" 10258/59060 (17%)
"GET /php/phpinfo.php?=PHPE9568F34-D428-11d2-A769-00AA001ACF42 HTTP/1.1" 2529/2524 (100%)
"GET /php/phpinfo.php?=PHPE9568F35-D428-11d2-A769-00AA001ACF42 HTTP/1.1" 2151/2146 (100%)
"GET /php/phpinfo.php HTTP/1.1" 10929/65054 (16%)
"GET /php/phpinfo.php?=PHPE9568F34-D428-11d2-A769-00AA001ACF42 HTTP/1.1" 2529/2524 (100%)
"GET /php/phpinfo.php?=PHPE9568F35-D428-11d2-A769-00AA001ACF42 HTTP/1.1" 2151/2146 (100%)
"GET /php/phpinfo.php HTTP/1.1" 12480/77908 (16%)
"GET /php/phpinfo.php?=PHPE9568F34-D428-11d2-A769-00AA001ACF42 HTTP/1.1" 2529/2524 (100%)
"GET /php/phpinfo.php?=PHPE9568F35-D428-11d2-A769-00AA001ACF42 HTTP/1.1" 2151/2146 (100%)
"GET /php/phpinfo.php HTTP/1.1" 11813/71912 (16%)
"GET /php/phpinfo.php?=PHPE9568F34-D428-11d2-A769-00AA001ACF42 HTTP/1.1" 2529/2524 (100%)
"GET /php/phpinfo.php?=PHPE9568F35-D428-11d2-A769-00AA001ACF42 HTTP/1.1" 2151/2146 (100%)
"GET /php/phpinfo.php HTTP/1.1" 12476/77908 (16%)
"GET /php/phpinfo.php?=PHPE9568F34-D428-11d2-A769-00AA001ACF42 HTTP/1.1" 2529/2524 (100%)
"GET /php/phpinfo.php?=PHPE9568F35-D428-11d2-A769-00AA001ACF42 HTTP/1.1" 2151/2146 (100%)
"GET /php HTTP/1.1" 176/234 (75%)
"GET /php/ HTTP/1.1" -/- (-%)
"GET /php/phpinfo.php HTTP/1.1" 12481/77908 (16%)
"GET /php/phpinfo.php?=PHPE9568F34-D428-11d2-A769-00AA001ACF42 HTTP/1.1" 2529/2524 (100%)
"GET /php/phpinfo.php?=PHPE9568F35-D428-11d2-A769-00AA001ACF42 HTTP/1.1" 2151/2146 (100%)
"GET /php HTTP/1.1" 176/234 (75%)
"GET /php/ HTTP/1.1" -/- (-%)
"GET /php/ HTTP/1.1" -/- (-%)
"GET /php/ HTTP/1.1" -/- (-%)
"GET /php/ HTTP/1.1" -/- (-%)
"GET /php/ HTTP/1.1" -/- (-%)
"GET /php/ HTTP/1.1" -/- (-%)
"GET /favicon.ico HTTP/1.1" 594/1047 (56%)
"GET /favicon.ico HTTP/1.1" 594/1047 (56%)
"GET /php/helloworld.php HTTP/1.1" 140/187 (74%)
"GET /php HTTP/1.1" 176/234 (75%)
"GET /php/ HTTP/1.1" -/- (-%)
"GET /php/ HTTP/1.1" -/- (-%)
"GET /php/phpinfo.php HTTP/1.1" 12216/74845 (16%)
"GET /php/phpinfo.php?=PHPE9568F34-D428-11d2-A769-00AA001ACF42 HTTP/1.1" 2529/2524 (100%)
"GET /php/phpinfo.php?=PHPE9568F35-D428-11d2-A769-00AA001ACF42 HTTP/1.1" 2151/2146 (100%)
"GET /php/phpinfo.php HTTP/1.1" 12216/74845 (16%)
"GET /php/phpinfo.php?=PHPE9568F34-D428-11d2-A769-00AA001ACF42 HTTP/1.1" 2529/2524 (100%)
"GET /php/phpinfo.php?=PHPE9568F35-D428-11d2-A769-00AA001ACF42 HTTP/1.1" 2151/2146 (100%)
"GET /php/phpinfo.php HTTP/1.1" 12887/80841 (15%)
"GET /php/phpinfo.php?=PHPE9568F34-D428-11d2-A769-00AA001ACF42 HTTP/1.1" 2529/2524 (100%)
"GET /php/phpinfo.php?=PHPE9568F35-D428-11d2-A769-00AA001ACF42 HTTP/1.1" 2151/2146 (100%)
"GET /php/phpinfo.php HTTP/1.1" 12894/80908 (15%)
"GET /php/phpinfo.php?=PHPE9568F34-D428-11d2-A769-00AA001ACF42 HTTP/1.1" 2529/2524 (100%)
"GET /php/phpinfo.php?=PHPE9568F35-D428-11d2-A769-00AA001ACF42 HTTP/1.1" 2151/2146 (100%)
"GET /favicon.ico HTTP/1.1" 594/1047 (56%)
"GET /favicon.ico HTTP/1.1" 594/1047 (56%)
"GET /php/phpinfo.php HTTP/1.1" 12875/80880 (15%)
"GET /php/phpinfo.php?=PHPE9568F34-D428-11d2-A769-00AA001ACF42 HTTP/1.1" 2529/2524 (100%)
"GET /php/phpinfo.php?=PHPE9568F35-D428-11d2-A769-00AA001ACF42 HTTP/1.1" 2151/2146 (100%)
"GET / HTTP/1.1" 137/181 (75%)
"GET /php HTTP/1.1" 176/234 (75%)
"GET /php/ HTTP/1.1" -/- (-%)
"GET /php/helloworld.php HTTP/1.1" 140/187 (74%)
"GET /php/ HTTP/1.1" 256/426 (60%)
"GET /php/ HTTP/1.1" 256/426 (60%)
"GET /php/helloworld.php HTTP/1.1" -/- (-%)
"GET /php/helloworld.php HTTP/1.1" 306/551 (55%)
"GET /php/helloworld.php HTTP/1.1" 307/551 (55%)
"GET /php/helloworld.php HTTP/1.1" 307/551 (55%)
"GET /php/helloworld.php HTTP/1.1" 307/551 (55%)
"GET /php/helloworld.php HTTP/1.1" 307/551 (55%)
"GET /php/ HTTP/1.1" 256/426 (60%)
"GET /php/ HTTP/1.1" 256/426 (60%)
"GET /php/ HTTP/1.1" 256/426 (60%)
"GET /php/ HTTP/1.1" 256/426 (60%)
"GET /php/ HTTP/1.1" 256/426 (60%)
"GET /php/helloworld.php HTTP/1.1" 307/551 (55%)
"GET /php/helloworld.php HTTP/1.1" 140/187 (74%)
"GET /php/helloworld.php HTTP/1.1" 316/569 (55%)
"GET /php/helloworld.php HTTP/1.1" 140/187 (74%)
"GET /php/helloworld.php HTTP/1.1" 142/183 (77%)
"GET /php/helloworld.php HTTP/1.1" 142/183 (77%)
"GET /php/helloworld.php HTTP/1.1" 504/1129 (44%)
"GET /php/helloworld.php HTTP/1.1" 280/395 (70%)
"GET /php/helloworld.php HTTP/1.1" 142/183 (77%)
"GET /php/phpinfo.php HTTP/1.1" 12886/80893 (15%)
"GET /php/phpinfo.php?=PHPE9568F34-D428-11d2-A769-00AA001ACF42 HTTP/1.1" 2529/2524 (100%)
"GET /php/phpinfo.php?=PHPE9568F35-D428-11d2-A769-00AA001ACF42 HTTP/1.1" 2151/2146 (100%)
"GET /php/phpinfo.php HTTP/1.1" 12891/80891 (15%)
"GET /php/phpinfo.php?=PHPE9568F34-D428-11d2-A769-00AA001ACF42 HTTP/1.1" 2529/2524 (100%)
"GET /php/phpinfo.php?=PHPE9568F35-D428-11d2-A769-00AA001ACF42 HTTP/1.1" 2151/2146 (100%)
"GET /php/helloworld.php HTTP/1.1" 288/413 (69%)
"GET /php/helloworld.php HTTP/1.1" 142/183 (77%)
"GET /php/helloworld.php HTTP/1.1" 144/187 (77%)
"GET /php/helloworld.php HTTP/1.1" 142/184 (77%)
"GET /php/phpinfo.php HTTP/1.1" 12226/74925 (16%)
"GET /php/phpinfo.php?=PHPE9568F34-D428-11d2-A769-00AA001ACF42 HTTP/1.1" 2529/2524 (100%)
"GET /php/phpinfo.php?=PHPE9568F35-D428-11d2-A769-00AA001ACF42 HTTP/1.1" 2151/2146 (100%)
"GET /php/helloworld.php HTTP/1.1" 123/143 (86%)
"GET /php/phpinfo.php HTTP/1.1" 12228/74924 (16%)
"GET /php/phpinfo.php?=PHPE9568F34-D428-11d2-A769-00AA001ACF42 HTTP/1.1" 2529/2524 (100%)
"GET /php/phpinfo.php?=PHPE9568F35-D428-11d2-A769-00AA001ACF42 HTTP/1.1" 2151/2146 (100%)
"GET /php/phpinfo.php HTTP/1.1" 12225/74923 (16%)
"GET /php/phpinfo.php?=PHPE9568F34-D428-11d2-A769-00AA001ACF42 HTTP/1.1" 2529/2524 (100%)
"GET /php/phpinfo.php?=PHPE9568F35-D428-11d2-A769-00AA001ACF42 HTTP/1.1" 2151/2146 (100%)
"GET /php/phpinfo.php HTTP/1.1" 12229/74925 (16%)
"GET /php/phpinfo.php?=PHPE9568F34-D428-11d2-A769-00AA001ACF42 HTTP/1.1" 2529/2524 (100%)
"GET /php/phpinfo.php?=PHPE9568F35-D428-11d2-A769-00AA001ACF42 HTTP/1.1" 2151/2146 (100%)
"GET /php/phpinfo.php HTTP/1.1" 12227/74925 (16%)
"GET /php/phpinfo.php?=PHPE9568F34-D428-11d2-A769-00AA001ACF42 HTTP/1.1" 2529/2524 (100%)
"GET /php/phpinfo.php?=PHPE9568F35-D428-11d2-A769-00AA001ACF42 HTTP/1.1" 2151/2146 (100%)
"GET /php/phpinfo.php HTTP/1.1" 12229/74925 (16%)
"GET /php/phpinfo.php?=PHPE9568F34-D428-11d2-A769-00AA001ACF42 HTTP/1.1" 2529/2524 (100%)
"GET /php/phpinfo.php?=PHPE9568F35-D428-11d2-A769-00AA001ACF42 HTTP/1.1" 2151/2146 (100%)
"GET /php/phpinfo.php HTTP/1.1" 12891/80891 (15%)
"GET /php/phpinfo.php?=PHPE9568F34-D428-11d2-A769-00AA001ACF42 HTTP/1.1" 2529/2524 (100%)
"GET /php/phpinfo.php?=PHPE9568F35-D428-11d2-A769-00AA001ACF42 HTTP/1.1" 2151/2146 (100%)
"GET /php/phpinfo.php HTTP/1.1" 12887/80891 (15%)
"GET /php/phpinfo.php?=PHPE9568F34-D428-11d2-A769-00AA001ACF42 HTTP/1.1" 2529/2524 (100%)
"GET /php/phpinfo.php?=PHPE9568F35-D428-11d2-A769-00AA001ACF42 HTTP/1.1" 2151/2146 (100%)
"GET /php/helloworld.php HTTP/1.1" 287/401 (71%)
"GET /php/phpinfo.php HTTP/1.1" 12888/80863 (15%)
"GET /php/phpinfo.php?=PHPE9568F34-D428-11d2-A769-00AA001ACF42 HTTP/1.1" 2529/2524 (100%)
"GET /php/phpinfo.php?=PHPE9568F35-D428-11d2-A769-00AA001ACF42 HTTP/1.1" 2151/2146 (100%)
"GET /php/helloworld.php HTTP/1.1" 287/401 (71%)
"GET /php/helloworld.php HTTP/1.1" 287/401 (71%)
"GET /php/helloworld.php HTTP/1.1" 123/143 (86%)
"GET /php/phpinfo.php HTTP/1.1" 12227/74898 (16%)
"GET /php/phpinfo.php?=PHPE9568F34-D428-11d2-A769-00AA001ACF42 HTTP/1.1" 2529/2524 (100%)
"GET /php/phpinfo.php?=PHPE9568F35-D428-11d2-A769-00AA001ACF42 HTTP/1.1" 2151/2146 (100%)
"GET /php/helloworld.php HTTP/1.1" 149/170 (87%)
"GET /php/helloworld.php HTTP/1.1" 149/170 (87%)
"GET /php/phpinfo.php HTTP/1.1" 10361/59554 (17%)
"GET /php/phpinfo.php?=PHPE9568F34-D428-11d2-A769-00AA001ACF42 HTTP/1.1" 2529/2524 (100%)
"GET /php/phpinfo.php?=PHPE9568F35-D428-11d2-A769-00AA001ACF42 HTTP/1.1" 2151/2146 (100%)
"GET /php/phpinfo.php HTTP/1.1" 10362/59554 (17%)
"GET /php/phpinfo.php?=PHPE9568F34-D428-11d2-A769-00AA001ACF42 HTTP/1.1" 2529/2524 (100%)
"GET /php/phpinfo.php?=PHPE9568F35-D428-11d2-A769-00AA001ACF42 HTTP/1.1" 2151/2146 (100%)
"GET /php/phpinfo.php HTTP/1.1" 10358/59553 (17%)
"GET /php/phpinfo.php?=PHPE9568F34-D428-11d2-A769-00AA001ACF42 HTTP/1.1" 2529/2524 (100%)
"GET /php/phpinfo.php?=PHPE9568F35-D428-11d2-A769-00AA001ACF42 HTTP/1.1" 2151/2146 (100%)
"GET /php/phpinfo.php HTTP/1.1" 12981/81480 (15%)
"GET /php/phpinfo.php?=PHPE9568F34-D428-11d2-A769-00AA001ACF42 HTTP/1.1" 2529/2524 (100%)
"GET /php/phpinfo.php?=PHPE9568F35-D428-11d2-A769-00AA001ACF42 HTTP/1.1" 2151/2146 (100%)
