[Thu Jan 08 17:25:12 2015] [notice] Apache/2.2.25 (Win32) PHP/5.3.9 configured -- resuming normal operations
[Thu Jan 08 17:25:12 2015] [notice] Server built: Jul 10 2013 01:52:12
[Thu Jan 08 17:25:12 2015] [notice] Parent: Created child process 3728
Apache server interrupted...
otice] Child 3728: Child process is running
[Thu Jan 08 17:25:12 2015] [notice] Child 3728: Acquired the start mutex.
[Thu Jan 08 17:25:12 2015] [notice] Child 3728: Starting 64 worker threads.
[Thu Jan 08 17:25:12 2015] [notice] Child 3728: Starting thread to listen on port 8080.
[Thu Jan 08 17:31:27 2015] [notice] Parent: Received shutdown signal -- Shutting down the server.
[Thu Jan 08 17:31:27 2015] [notice] Child 3728: Exit event signaled. Child process is ending.
[Thu Jan 08 17:31:28 2015] [notice] Child 3728: Released the start mutex
[Thu Jan 08 17:31:29 2015] [notice] Child 3728: All worker threads have exited.
[Thu Jan 08 17:31:29 2015] [notice] Child 3728: Child process is exiting
[Thu Jan 08 17:31:29 2015] [notice] Parent: Child process exited successfully.
[Thu Jan 08 18:14:18 2015] [notice] Apache/2.2.25 (Win32) PHP/5.4.36 configured -- resuming normal operations
[Thu Jan 08 18:14:18 2015] [notice] Server built: Jul 10 2013 01:52:12
[Thu Jan 08 18:14:18 2015] [notice] Parent: Created child process 4580
Apache server interrupted...
otice] Child 4580: Child process is running
[Thu Jan 08 18:14:18 2015] [notice] Child 4580: Acquired the start mutex.
[Thu Jan 08 18:14:18 2015] [notice] Child 4580: Starting 64 worker threads.
[Thu Jan 08 18:14:18 2015] [notice] Child 4580: Starting thread to listen on port 8080.
[Thu Jan 08 18:19:23 2015] [notice] Parent: Received shutdown signal -- Shutting down the server.
[Thu Jan 08 18:19:23 2015] [notice] Child 4580: Exit event signaled. Child process is ending.
[Thu Jan 08 18:19:24 2015] [notice] Child 4580: Released the start mutex
[Thu Jan 08 18:19:25 2015] [notice] Child 4580: All worker threads have exited.
[Thu Jan 08 18:19:25 2015] [notice] Child 4580: Child process is exiting
[Thu Jan 08 18:19:25 2015] [notice] Parent: Child process exited successfully.
[Thu Jan 08 18:22:36 2015] [notice] Apache/2.2.25 (Win32) PHP/5.4.36 configured -- resuming normal operations
[Thu Jan 08 18:22:36 2015] [notice] Server built: Jul 10 2013 01:52:12
[Thu Jan 08 18:22:36 2015] [notice] Parent: Created child process 4496
Apache server interrupted...
otice] Child 4496: Child process is running
[Thu Jan 08 18:22:37 2015] [notice] Child 4496: Acquired the start mutex.
[Thu Jan 08 18:22:37 2015] [notice] Child 4496: Starting 64 worker threads.
[Thu Jan 08 18:22:37 2015] [notice] Child 4496: Starting thread to listen on port 8080.
[Thu Jan 08 18:23:43 2015] [notice] Parent: Received shutdown signal -- Shutting down the server.
[Thu Jan 08 18:23:43 2015] [notice] Child 4496: Exit event signaled. Child process is ending.
[Thu Jan 08 18:23:44 2015] [notice] Child 4496: Released the start mutex
[Thu Jan 08 18:23:45 2015] [notice] Child 4496: All worker threads have exited.
[Thu Jan 08 18:23:45 2015] [notice] Child 4496: Child process is exiting
[Thu Jan 08 18:23:45 2015] [notice] Parent: Child process exited successfully.
[Thu Jan 08 18:23:51 2015] [notice] Apache/2.2.25 (Win32) PHP/5.4.36 configured -- resuming normal operations
[Thu Jan 08 18:23:51 2015] [notice] Server built: Jul 10 2013 01:52:12
[Thu Jan 08 18:23:51 2015] [notice] Parent: Created child process 4864
Apache server interrupted...
otice] Child 4864: Child process is running
[Thu Jan 08 18:23:52 2015] [notice] Child 4864: Acquired the start mutex.
[Thu Jan 08 18:23:52 2015] [notice] Child 4864: Starting 64 worker threads.
[Thu Jan 08 18:23:52 2015] [notice] Child 4864: Starting thread to listen on port 8080.
[Thu Jan 08 18:26:57 2015] [notice] Parent: Received shutdown signal -- Shutting down the server.
[Thu Jan 08 18:26:57 2015] [notice] Child 4864: Exit event signaled. Child process is ending.
[Thu Jan 08 18:26:58 2015] [notice] Child 4864: Released the start mutex
[Thu Jan 08 18:26:59 2015] [notice] Child 4864: All worker threads have exited.
[Thu Jan 08 18:26:59 2015] [notice] Child 4864: Child process is exiting
[Thu Jan 08 18:26:59 2015] [notice] Parent: Child process exited successfully.
[Thu Jan 08 18:27:11 2015] [notice] Apache/2.2.25 (Win32) PHP/5.4.36 configured -- resuming normal operations
[Thu Jan 08 18:27:11 2015] [notice] Server built: Jul 10 2013 01:52:12
[Thu Jan 08 18:27:11 2015] [notice] Parent: Created child process 6120
Apache server interrupted...
otice] Child 6120: Child process is running
[Thu Jan 08 18:27:11 2015] [notice] Child 6120: Acquired the start mutex.
[Thu Jan 08 18:27:11 2015] [notice] Child 6120: Starting 64 worker threads.
[Thu Jan 08 18:27:11 2015] [notice] Child 6120: Starting thread to listen on port 8080.
[Thu Jan 08 18:28:28 2015] [notice] Parent: Received shutdown signal -- Shutting down the server.
[Thu Jan 08 18:28:28 2015] [notice] Child 6120: Exit event signaled. Child process is ending.
[Thu Jan 08 18:28:29 2015] [notice] Child 6120: Released the start mutex
[Thu Jan 08 18:28:30 2015] [notice] Child 6120: All worker threads have exited.
[Thu Jan 08 18:28:30 2015] [notice] Child 6120: Child process is exiting
[Thu Jan 08 18:28:30 2015] [notice] Parent: Child process exited successfully.
[Thu Jan 08 18:28:38 2015] [notice] Apache/2.2.25 (Win32) PHP/5.4.36 configured -- resuming normal operations
[Thu Jan 08 18:28:38 2015] [notice] Server built: Jul 10 2013 01:52:12
[Thu Jan 08 18:28:38 2015] [notice] Parent: Created child process 5420
Apache server interrupted...
otice] Child 5420: Child process is running
[Thu Jan 08 18:28:39 2015] [notice] Child 5420: Acquired the start mutex.
[Thu Jan 08 18:28:39 2015] [notice] Child 5420: Starting 64 worker threads.
[Thu Jan 08 18:28:39 2015] [notice] Child 5420: Starting thread to listen on port 8080.
[Thu Jan 08 18:31:04 2015] [notice] Parent: Received shutdown signal -- Shutting down the server.
[Thu Jan 08 18:31:04 2015] [notice] Child 5420: Exit event signaled. Child process is ending.
[Thu Jan 08 18:31:05 2015] [notice] Child 5420: Released the start mutex
[Thu Jan 08 18:31:06 2015] [notice] Child 5420: All worker threads have exited.
[Thu Jan 08 18:31:06 2015] [notice] Child 5420: Child process is exiting
[Thu Jan 08 18:31:06 2015] [notice] Parent: Child process exited successfully.
[Thu Jan 08 18:31:21 2015] [notice] Apache/2.2.25 (Win32) PHP/5.4.36 configured -- resuming normal operations
[Thu Jan 08 18:31:21 2015] [notice] Server built: Jul 10 2013 01:52:12
[Thu Jan 08 18:31:21 2015] [notice] Parent: Created child process 5272
Apache server interrupted...
otice] Child 5272: Child process is running
[Thu Jan 08 18:31:21 2015] [notice] Child 5272: Acquired the start mutex.
[Thu Jan 08 18:31:21 2015] [notice] Child 5272: Starting 64 worker threads.
[Thu Jan 08 18:31:21 2015] [notice] Child 5272: Starting thread to listen on port 8080.
[Thu Jan 08 18:32:02 2015] [notice] Parent: Received shutdown signal -- Shutting down the server.
[Thu Jan 08 18:32:02 2015] [notice] Child 5272: Exit event signaled. Child process is ending.
[Thu Jan 08 18:32:03 2015] [notice] Child 5272: Released the start mutex
[Thu Jan 08 18:32:04 2015] [notice] Child 5272: All worker threads have exited.
[Thu Jan 08 18:32:04 2015] [notice] Child 5272: Child process is exiting
Failed loading D:\PHP\ext\php_xdebug-2.2.6-5.4-vc9.dll
[Thu Jan 08 18:32:04 2015] [notice] Parent: Child process exited successfully.
Failed loading D:\PHP\ext\php_xdebug-2.2.6-5.4-vc9.dll
[Thu Jan 08 18:32:08 2015] [notice] Apache/2.2.25 (Win32) PHP/5.4.36 configured -- resuming normal operations
[Thu Jan 08 18:32:08 2015] [notice] Server built: Jul 10 2013 01:52:12
[Thu Jan 08 18:32:08 2015] [notice] Parent: Created child process 2936
Apache server interrupted...
otice] Child 2936: Child process is running
[Thu Jan 08 18:32:09 2015] [notice] Child 2936: Acquired the start mutex.
[Thu Jan 08 18:32:09 2015] [notice] Child 2936: Starting 64 worker threads.
[Thu Jan 08 18:32:09 2015] [notice] Child 2936: Starting thread to listen on port 8080.
[Thu Jan 08 18:33:16 2015] [notice] Parent: Received shutdown signal -- Shutting down the server.
[Thu Jan 08 18:33:16 2015] [notice] Child 2936: Exit event signaled. Child process is ending.
[Thu Jan 08 18:33:17 2015] [notice] Child 2936: Released the start mutex
[Thu Jan 08 18:33:18 2015] [notice] Child 2936: All worker threads have exited.
[Thu Jan 08 18:33:18 2015] [notice] Child 2936: Child process is exiting
[Thu Jan 08 18:33:18 2015] [notice] Parent: Child process exited successfully.
[Thu Jan 08 18:36:44 2015] [notice] Apache/2.2.25 (Win32) PHP/5.4.36 configured -- resuming normal operations
[Thu Jan 08 18:36:44 2015] [notice] Server built: Jul 10 2013 01:52:12
[Thu Jan 08 18:36:44 2015] [notice] Parent: Created child process 4944
Apache server interrupted...
otice] Child 4944: Child process is running
[Thu Jan 08 18:36:45 2015] [notice] Child 4944: Acquired the start mutex.
[Thu Jan 08 18:36:45 2015] [notice] Child 4944: Starting 64 worker threads.
[Thu Jan 08 18:36:45 2015] [notice] Child 4944: Starting thread to listen on port 8080.
[Thu Jan 08 18:37:08 2015] [notice] Parent: Received shutdown signal -- Shutting down the server.
[Thu Jan 08 18:37:08 2015] [notice] Child 4944: Exit event signaled. Child process is ending.
[Thu Jan 08 18:37:09 2015] [notice] Child 4944: Released the start mutex
[Thu Jan 08 18:37:10 2015] [notice] Child 4944: All worker threads have exited.
[Thu Jan 08 18:37:10 2015] [notice] Child 4944: Child process is exiting
[Thu Jan 08 18:37:10 2015] [notice] Parent: Child process exited successfully.
[Thu Jan 08 18:37:45 2015] [notice] Apache/2.2.25 (Win32) PHP/5.4.36 configured -- resuming normal operations
[Thu Jan 08 18:37:45 2015] [notice] Server built: Jul 10 2013 01:52:12
[Thu Jan 08 18:37:45 2015] [notice] Parent: Created child process 5244
Apache server interrupted...
otice] Child 5244: Child process is running
[Thu Jan 08 18:37:45 2015] [notice] Child 5244: Acquired the start mutex.
[Thu Jan 08 18:37:45 2015] [notice] Child 5244: Starting 64 worker threads.
[Thu Jan 08 18:37:45 2015] [notice] Child 5244: Starting thread to listen on port 8080.
[Thu Jan 08 18:38:45 2015] [notice] Parent: Received shutdown signal -- Shutting down the server.
[Thu Jan 08 18:38:45 2015] [notice] Child 5244: Exit event signaled. Child process is ending.
[Thu Jan 08 18:38:46 2015] [notice] Child 5244: Released the start mutex
[Thu Jan 08 18:38:47 2015] [notice] Child 5244: All worker threads have exited.
[Thu Jan 08 18:38:47 2015] [notice] Child 5244: Child process is exiting
[Thu Jan 08 18:38:47 2015] [notice] Parent: Child process exited successfully.
[Thu Jan 08 18:39:01 2015] [notice] Apache/2.2.25 (Win32) PHP/5.4.36 configured -- resuming normal operations
[Thu Jan 08 18:39:01 2015] [notice] Server built: Jul 10 2013 01:52:12
[Thu Jan 08 18:39:01 2015] [notice] Parent: Created child process 4728
Apache server interrupted...
otice] Child 4728: Child process is running
[Thu Jan 08 18:39:01 2015] [notice] Child 4728: Acquired the start mutex.
[Thu Jan 08 18:39:01 2015] [notice] Child 4728: Starting 64 worker threads.
[Thu Jan 08 18:39:01 2015] [notice] Child 4728: Starting thread to listen on port 8080.
[Fri Jan 09 11:47:32 2015] [notice] Parent: Received shutdown signal -- Shutting down the server.
[Fri Jan 09 11:47:32 2015] [notice] Child 4728: Exit event signaled. Child process is ending.
[Fri Jan 09 11:47:33 2015] [notice] Child 4728: Released the start mutex
[Fri Jan 09 11:47:34 2015] [notice] Child 4728: All worker threads have exited.
[Fri Jan 09 11:47:35 2015] [notice] Child 4728: Child process is exiting
[Fri Jan 09 11:47:35 2015] [notice] Parent: Child process exited successfully.
[Fri Jan 09 11:48:00 2015] [notice] Apache/2.2.25 (Win32) PHP/5.4.36 configured -- resuming normal operations
[Fri Jan 09 11:48:00 2015] [notice] Server built: Jul 10 2013 01:52:12
[Fri Jan 09 11:48:00 2015] [notice] Parent: Created child process 4680
Apache server interrupted...
otice] Child 4680: Child process is running
[Fri Jan 09 11:48:01 2015] [notice] Child 4680: Acquired the start mutex.
[Fri Jan 09 11:48:01 2015] [notice] Child 4680: Starting 64 worker threads.
[Fri Jan 09 11:48:01 2015] [notice] Child 4680: Starting thread to listen on port 8080.
[Fri Jan 09 11:48:19 2015] [notice] Parent: Received shutdown signal -- Shutting down the server.
[Fri Jan 09 11:48:19 2015] [notice] Child 4680: Exit event signaled. Child process is ending.
[Fri Jan 09 11:48:20 2015] [notice] Child 4680: Released the start mutex
[Fri Jan 09 11:48:21 2015] [notice] Child 4680: All worker threads have exited.
[Fri Jan 09 11:48:21 2015] [notice] Child 4680: Child process is exiting
[Fri Jan 09 11:48:21 2015] [notice] Parent: Child process exited successfully.
[Fri Jan 09 11:49:34 2015] [notice] Apache/2.2.25 (Win32) PHP/5.4.36 configured -- resuming normal operations
[Fri Jan 09 11:49:34 2015] [notice] Server built: Jul 10 2013 01:52:12
[Fri Jan 09 11:49:34 2015] [notice] Parent: Created child process 4828
Apache server interrupted...
otice] Child 4828: Child process is running
[Fri Jan 09 11:49:37 2015] [notice] Child 4828: Acquired the start mutex.
[Fri Jan 09 11:49:37 2015] [notice] Child 4828: Starting 64 worker threads.
[Fri Jan 09 11:49:37 2015] [notice] Child 4828: Starting thread to listen on port 8080.
[Fri Jan 09 12:07:16 2015] [notice] Parent: Received shutdown signal -- Shutting down the server.
[Fri Jan 09 12:07:16 2015] [notice] Child 4828: Exit event signaled. Child process is ending.
[Fri Jan 09 12:07:17 2015] [notice] Child 4828: Released the start mutex
[Fri Jan 09 12:07:18 2015] [notice] Child 4828: All worker threads have exited.
[Fri Jan 09 12:07:18 2015] [notice] Child 4828: Child process is exiting
Failed loading C:\PHP\ext\php_xdebug.dll
[Fri Jan 09 12:07:18 2015] [notice] Parent: Child process exited successfully.
Failed loading C:\PHP\ext\php_xdebug.dll
[Fri Jan 09 12:07:28 2015] [notice] Apache/2.2.25 (Win32) PHP/5.4.36 configured -- resuming normal operations
[Fri Jan 09 12:07:28 2015] [notice] Server built: Jul 10 2013 01:52:12
[Fri Jan 09 12:07:28 2015] [notice] Parent: Created child process 6396
Apache server interrupted...
otice] Child 6396: Child process is running
[Fri Jan 09 12:07:29 2015] [notice] Child 6396: Acquired the start mutex.
[Fri Jan 09 12:07:29 2015] [notice] Child 6396: Starting 64 worker threads.
[Fri Jan 09 12:07:29 2015] [notice] Child 6396: Starting thread to listen on port 8080.
[Fri Jan 09 12:15:44 2015] [notice] Parent: Received shutdown signal -- Shutting down the server.
[Fri Jan 09 12:15:44 2015] [notice] Child 6396: Exit event signaled. Child process is ending.
[Fri Jan 09 12:15:45 2015] [notice] Child 6396: Released the start mutex
[Fri Jan 09 12:15:46 2015] [notice] Child 6396: All worker threads have exited.
[Fri Jan 09 12:15:46 2015] [notice] Child 6396: Child process is exiting
[Fri Jan 09 12:15:46 2015] [notice] Parent: Child process exited successfully.
[Fri Jan 09 12:19:55 2015] [notice] Apache/2.2.25 (Win32) PHP/5.4.36 configured -- resuming normal operations
[Fri Jan 09 12:19:55 2015] [notice] Server built: Jul 10 2013 01:52:12
[Fri Jan 09 12:19:55 2015] [notice] Parent: Created child process 7772
Apache server interrupted...
otice] Child 7772: Child process is running
[Fri Jan 09 12:19:56 2015] [notice] Child 7772: Acquired the start mutex.
[Fri Jan 09 12:19:56 2015] [notice] Child 7772: Starting 64 worker threads.
[Fri Jan 09 12:19:56 2015] [notice] Child 7772: Starting thread to listen on port 8080.
[Fri Jan 09 12:19:58 2015] [notice] Parent: Received shutdown signal -- Shutting down the server.
[Fri Jan 09 12:19:58 2015] [notice] Child 7772: Exit event signaled. Child process is ending.
[Fri Jan 09 12:19:59 2015] [notice] Child 7772: Released the start mutex
[Fri Jan 09 12:20:00 2015] [notice] Child 7772: All worker threads have exited.
[Fri Jan 09 12:20:00 2015] [notice] Child 7772: Child process is exiting
[Fri Jan 09 12:20:00 2015] [notice] Parent: Child process exited successfully.
[Fri Jan 09 12:20:11 2015] [notice] Apache/2.2.25 (Win32) PHP/5.4.36 configured -- resuming normal operations
[Fri Jan 09 12:20:11 2015] [notice] Server built: Jul 10 2013 01:52:12
[Fri Jan 09 12:20:11 2015] [notice] Parent: Created child process 7404
Apache server interrupted...
otice] Child 7404: Child process is running
[Fri Jan 09 12:20:13 2015] [notice] Child 7404: Acquired the start mutex.
[Fri Jan 09 12:20:13 2015] [notice] Child 7404: Starting 64 worker threads.
[Fri Jan 09 12:20:13 2015] [notice] Child 7404: Starting thread to listen on port 8080.
[Fri Jan 09 12:24:39 2015] [notice] Parent: Received shutdown signal -- Shutting down the server.
[Fri Jan 09 12:24:39 2015] [notice] Child 7404: Exit event signaled. Child process is ending.
[Fri Jan 09 12:24:40 2015] [notice] Child 7404: Released the start mutex
[Fri Jan 09 12:24:41 2015] [notice] Child 7404: All worker threads have exited.
[Fri Jan 09 12:24:41 2015] [notice] Child 7404: Child process is exiting
[Fri Jan 09 12:24:41 2015] [notice] Parent: Child process exited successfully.
[Fri Jan 09 12:25:06 2015] [notice] Apache/2.2.25 (Win32) PHP/5.4.36 configured -- resuming normal operations
[Fri Jan 09 12:25:06 2015] [notice] Server built: Jul 10 2013 01:52:12
[Fri Jan 09 12:25:06 2015] [notice] Parent: Created child process 6368
Apache server interrupted...
otice] Child 6368: Child process is running
[Fri Jan 09 12:25:08 2015] [notice] Child 6368: Acquired the start mutex.
[Fri Jan 09 12:25:08 2015] [notice] Child 6368: Starting 64 worker threads.
[Fri Jan 09 12:25:08 2015] [notice] Child 6368: Starting thread to listen on port 8080.
[Fri Jan 09 12:25:21 2015] [notice] Parent: Received shutdown signal -- Shutting down the server.
[Fri Jan 09 12:25:21 2015] [notice] Child 6368: Exit event signaled. Child process is ending.
[Fri Jan 09 12:25:22 2015] [notice] Child 6368: Released the start mutex
[Fri Jan 09 12:25:23 2015] [notice] Child 6368: All worker threads have exited.
[Fri Jan 09 12:25:23 2015] [notice] Child 6368: Child process is exiting
[Fri Jan 09 12:25:23 2015] [notice] Parent: Child process exited successfully.
[Fri Jan 09 12:25:30 2015] [notice] Apache/2.2.25 (Win32) PHP/5.4.36 configured -- resuming normal operations
[Fri Jan 09 12:25:30 2015] [notice] Server built: Jul 10 2013 01:52:12
[Fri Jan 09 12:25:30 2015] [notice] Parent: Created child process 8044
Apache server interrupted...
otice] Child 8044: Child process is running
[Fri Jan 09 12:25:31 2015] [notice] Child 8044: Acquired the start mutex.
[Fri Jan 09 12:25:31 2015] [notice] Child 8044: Starting 64 worker threads.
[Fri Jan 09 12:25:31 2015] [notice] Child 8044: Starting thread to listen on port 8080.
[Fri Jan 09 12:25:35 2015] [notice] Parent: Received shutdown signal -- Shutting down the server.
[Fri Jan 09 12:25:35 2015] [notice] Child 8044: Exit event signaled. Child process is ending.
[Fri Jan 09 12:25:36 2015] [notice] Child 8044: Released the start mutex
[Fri Jan 09 12:25:37 2015] [notice] Child 8044: All worker threads have exited.
[Fri Jan 09 12:25:37 2015] [notice] Child 8044: Child process is exiting
[Fri Jan 09 12:25:37 2015] [notice] Parent: Child process exited successfully.
[Fri Jan 09 12:33:54 2015] [notice] Apache/2.2.25 (Win32) PHP/5.4.36 configured -- resuming normal operations
[Fri Jan 09 12:33:54 2015] [notice] Server built: Jul 10 2013 01:52:12
[Fri Jan 09 12:33:54 2015] [notice] Parent: Created child process 8128
Apache server interrupted...
otice] Child 8128: Child process is running
[Fri Jan 09 12:33:55 2015] [notice] Child 8128: Acquired the start mutex.
[Fri Jan 09 12:33:55 2015] [notice] Child 8128: Starting 64 worker threads.
[Fri Jan 09 12:33:55 2015] [notice] Child 8128: Starting thread to listen on port 8080.
[Fri Jan 09 12:34:00 2015] [error] [client 127.0.0.1] File does not exist: D:/http/htdocs/favicon.ico
[Fri Jan 09 12:34:04 2015] [error] [client 127.0.0.1] File does not exist: D:/http/htdocs/favicon.ico
[Fri Jan 09 12:39:33 2015] [notice] Parent: Received shutdown signal -- Shutting down the server.
[Fri Jan 09 12:39:33 2015] [notice] Child 8128: Exit event signaled. Child process is ending.
[Fri Jan 09 12:39:34 2015] [notice] Child 8128: Released the start mutex
[Fri Jan 09 12:39:35 2015] [notice] Child 8128: All worker threads have exited.
[Fri Jan 09 12:39:35 2015] [notice] Child 8128: Child process is exiting
[Fri Jan 09 12:39:35 2015] [notice] Parent: Child process exited successfully.
[Fri Jan 09 12:39:48 2015] [notice] Apache/2.2.25 (Win32) PHP/5.4.36 configured -- resuming normal operations
[Fri Jan 09 12:39:48 2015] [notice] Server built: Jul 10 2013 01:52:12
[Fri Jan 09 12:39:48 2015] [notice] Parent: Created child process 8020
Apache server interrupted...
otice] Child 8020: Child process is running
[Fri Jan 09 12:39:50 2015] [notice] Child 8020: Acquired the start mutex.
[Fri Jan 09 12:39:50 2015] [notice] Child 8020: Starting 64 worker threads.
[Fri Jan 09 12:39:50 2015] [notice] Child 8020: Starting thread to listen on port 8080.
[Fri Jan 09 12:40:55 2015] [notice] Parent: Received shutdown signal -- Shutting down the server.
[Fri Jan 09 12:40:55 2015] [notice] Child 8020: Exit event signaled. Child process is ending.
[Fri Jan 09 12:40:56 2015] [notice] Child 8020: Released the start mutex
[Fri Jan 09 12:40:57 2015] [notice] Child 8020: All worker threads have exited.
[Fri Jan 09 12:40:57 2015] [notice] Child 8020: Child process is exiting
[Fri Jan 09 12:40:57 2015] [notice] Parent: Child process exited successfully.
[Fri Jan 09 12:41:19 2015] [notice] Apache/2.2.25 (Win32) PHP/5.4.36 configured -- resuming normal operations
[Fri Jan 09 12:41:19 2015] [notice] Server built: Jul 10 2013 01:52:12
[Fri Jan 09 12:41:19 2015] [notice] Parent: Created child process 6488
Apache server interrupted...
otice] Child 6488: Child process is running
[Fri Jan 09 12:41:20 2015] [notice] Child 6488: Acquired the start mutex.
[Fri Jan 09 12:41:20 2015] [notice] Child 6488: Starting 64 worker threads.
[Fri Jan 09 12:41:20 2015] [notice] Child 6488: Starting thread to listen on port 8080.
[Fri Jan 09 12:43:49 2015] [notice] Parent: Received shutdown signal -- Shutting down the server.
[Fri Jan 09 12:43:49 2015] [notice] Child 6488: Exit event signaled. Child process is ending.
[Fri Jan 09 12:43:50 2015] [notice] Child 6488: Released the start mutex
[Fri Jan 09 12:43:51 2015] [notice] Child 6488: All worker threads have exited.
[Fri Jan 09 12:43:51 2015] [notice] Child 6488: Child process is exiting
[Fri Jan 09 12:43:51 2015] [notice] Parent: Child process exited successfully.
[Fri Jan 09 12:44:30 2015] [notice] Apache/2.2.25 (Win32) PHP/5.4.36 configured -- resuming normal operations
[Fri Jan 09 12:44:30 2015] [notice] Server built: Jul 10 2013 01:52:12
[Fri Jan 09 12:44:30 2015] [notice] Parent: Created child process 7784
Apache server interrupted...
otice] Child 7784: Child process is running
[Fri Jan 09 12:44:31 2015] [notice] Child 7784: Acquired the start mutex.
[Fri Jan 09 12:44:31 2015] [notice] Child 7784: Starting 64 worker threads.
[Fri Jan 09 12:44:31 2015] [notice] Child 7784: Starting thread to listen on port 8080.
[Fri Jan 09 12:44:48 2015] [notice] Parent: Received shutdown signal -- Shutting down the server.
[Fri Jan 09 12:44:48 2015] [notice] Child 7784: Exit event signaled. Child process is ending.
[Fri Jan 09 12:44:49 2015] [notice] Child 7784: Released the start mutex
[Fri Jan 09 12:44:51 2015] [notice] Child 7784: All worker threads have exited.
[Fri Jan 09 12:44:51 2015] [notice] Child 7784: Child process is exiting
[Fri Jan 09 12:44:51 2015] [notice] Parent: Child process exited successfully.
[Fri Jan 09 12:45:15 2015] [notice] Apache/2.2.25 (Win32) PHP/5.4.36 configured -- resuming normal operations
[Fri Jan 09 12:45:15 2015] [notice] Server built: Jul 10 2013 01:52:12
[Fri Jan 09 12:45:15 2015] [notice] Parent: Created child process 5776
Apache server shutdown initiated...
Child 5776: Child process is running
[Fri Jan 09 12:45:15 2015] [notice] Child 5776: Acquired the start mutex.
[Fri Jan 09 12:45:15 2015] [notice] Child 5776: Starting 64 worker threads.
[Fri Jan 09 12:45:15 2015] [notice] Child 5776: Starting thread to listen on port 8080.
[Fri Jan 09 12:45:39 2015] [notice] Parent: Received shutdown signal -- Shutting down the server.
[Fri Jan 09 12:45:39 2015] [notice] Child 5776: Exit event signaled. Child process is ending.
[Fri Jan 09 12:45:40 2015] [notice] Child 5776: Released the start mutex
[Fri Jan 09 12:45:41 2015] [notice] Child 5776: All worker threads have exited.
[Fri Jan 09 12:45:41 2015] [notice] Child 5776: Child process is exiting
[Fri Jan 09 12:45:41 2015] [notice] Parent: Child process exited successfully.
[Fri Jan 09 12:52:59 2015] [notice] Apache/2.2.25 (Win32) PHP/5.4.36 configured -- resuming normal operations
[Fri Jan 09 12:52:59 2015] [notice] Server built: Jul 10 2013 01:52:12
[Fri Jan 09 12:52:59 2015] [notice] Parent: Created child process 4160
Apache server interrupted...
otice] Child 4160: Child process is running
[Fri Jan 09 12:52:59 2015] [notice] Child 4160: Acquired the start mutex.
[Fri Jan 09 12:52:59 2015] [notice] Child 4160: Starting 64 worker threads.
[Fri Jan 09 12:52:59 2015] [notice] Child 4160: Starting thread to listen on port 8080.
[Fri Jan 09 12:53:00 2015] [error] [client 127.0.0.1] File does not exist: D:/http/htdocs/favicon.ico
[Fri Jan 09 12:53:00 2015] [error] [client 127.0.0.1] File does not exist: D:/http/htdocs/favicon.ico
[Fri Jan 09 12:56:40 2015] [notice] Parent: Received shutdown signal -- Shutting down the server.
[Fri Jan 09 12:56:40 2015] [notice] Child 4160: Exit event signaled. Child process is ending.
[Fri Jan 09 12:56:41 2015] [notice] Child 4160: Released the start mutex
[Fri Jan 09 12:56:42 2015] [notice] Child 4160: All worker threads have exited.
[Fri Jan 09 12:56:42 2015] [notice] Child 4160: Child process is exiting
[Fri Jan 09 12:56:42 2015] [notice] Parent: Child process exited successfully.
[Fri Jan 09 12:57:04 2015] [notice] Apache/2.2.25 (Win32) PHP/5.4.36 configured -- resuming normal operations
[Fri Jan 09 12:57:04 2015] [notice] Server built: Jul 10 2013 01:52:12
[Fri Jan 09 12:57:04 2015] [notice] Parent: Created child process 4880
Apache server interrupted...
otice] Child 4880: Child process is running
[Fri Jan 09 12:57:05 2015] [notice] Child 4880: Acquired the start mutex.
[Fri Jan 09 12:57:05 2015] [notice] Child 4880: Starting 64 worker threads.
[Fri Jan 09 12:57:05 2015] [notice] Child 4880: Starting thread to listen on port 8080.
[Fri Jan 09 13:06:26 2015] [notice] Parent: Received shutdown signal -- Shutting down the server.
[Fri Jan 09 13:06:26 2015] [notice] Child 4880: Exit event signaled. Child process is ending.
[Fri Jan 09 13:06:27 2015] [notice] Child 4880: Released the start mutex
[Fri Jan 09 13:06:28 2015] [notice] Child 4880: All worker threads have exited.
[Fri Jan 09 13:06:28 2015] [notice] Child 4880: Child process is exiting
[Fri Jan 09 13:06:28 2015] [notice] Parent: Child process exited successfully.
[Fri Jan 09 13:06:38 2015] [notice] Apache/2.2.25 (Win32) PHP/5.4.36 configured -- resuming normal operations
[Fri Jan 09 13:06:38 2015] [notice] Server built: Jul 10 2013 01:52:12
[Fri Jan 09 13:06:38 2015] [notice] Parent: Created child process 5520
Apache server interrupted...
otice] Child 5520: Child process is running
[Fri Jan 09 13:06:39 2015] [notice] Child 5520: Acquired the start mutex.
[Fri Jan 09 13:06:39 2015] [notice] Child 5520: Starting 64 worker threads.
[Fri Jan 09 13:06:39 2015] [notice] Child 5520: Starting thread to listen on port 8080.
[Fri Jan 09 13:13:10 2015] [notice] Parent: Received shutdown signal -- Shutting down the server.
[Fri Jan 09 13:13:10 2015] [notice] Child 5520: Exit event signaled. Child process is ending.
[Fri Jan 09 13:13:11 2015] [notice] Child 5520: Released the start mutex
[Fri Jan 09 13:13:12 2015] [notice] Child 5520: All worker threads have exited.
[Fri Jan 09 13:13:12 2015] [notice] Child 5520: Child process is exiting
[Fri Jan 09 13:13:12 2015] [notice] Parent: Child process exited successfully.
[Fri Jan 09 13:13:20 2015] [notice] Apache/2.2.25 (Win32) PHP/5.4.36 configured -- resuming normal operations
[Fri Jan 09 13:13:20 2015] [notice] Server built: Jul 10 2013 01:52:12
[Fri Jan 09 13:13:20 2015] [notice] Parent: Created child process 1424
Apache server interrupted...
otice] Child 1424: Child process is running
[Fri Jan 09 13:13:20 2015] [notice] Child 1424: Acquired the start mutex.
[Fri Jan 09 13:13:20 2015] [notice] Child 1424: Starting 64 worker threads.
[Fri Jan 09 13:13:20 2015] [notice] Child 1424: Starting thread to listen on port 8080.
[Fri Jan 09 13:18:11 2015] [notice] Parent: Received shutdown signal -- Shutting down the server.
[Fri Jan 09 13:18:11 2015] [notice] Child 1424: Exit event signaled. Child process is ending.
[Fri Jan 09 13:18:12 2015] [notice] Child 1424: Released the start mutex
[Fri Jan 09 13:18:13 2015] [notice] Child 1424: All worker threads have exited.
[Fri Jan 09 13:18:13 2015] [notice] Child 1424: Child process is exiting
[Fri Jan 09 13:18:13 2015] [notice] Parent: Child process exited successfully.
[Fri Jan 09 13:18:19 2015] [notice] Apache/2.2.25 (Win32) PHP/5.4.36 configured -- resuming normal operations
[Fri Jan 09 13:18:19 2015] [notice] Server built: Jul 10 2013 01:52:12
[Fri Jan 09 13:18:19 2015] [notice] Parent: Created child process 5480
Apache server interrupted...
otice] Child 5480: Child process is running
[Fri Jan 09 13:18:20 2015] [notice] Child 5480: Acquired the start mutex.
[Fri Jan 09 13:18:20 2015] [notice] Child 5480: Starting 64 worker threads.
[Fri Jan 09 13:18:20 2015] [notice] Child 5480: Starting thread to listen on port 8080.
[Fri Jan 09 13:19:22 2015] [notice] Parent: Received shutdown signal -- Shutting down the server.
[Fri Jan 09 13:19:22 2015] [notice] Child 5480: Exit event signaled. Child process is ending.
[Fri Jan 09 13:19:23 2015] [notice] Child 5480: Released the start mutex
[Fri Jan 09 13:19:24 2015] [notice] Child 5480: All worker threads have exited.
[Fri Jan 09 13:19:24 2015] [notice] Child 5480: Child process is exiting
[Fri Jan 09 13:19:24 2015] [notice] Parent: Child process exited successfully.
[Fri Jan 09 13:19:26 2015] [notice] Apache/2.2.25 (Win32) PHP/5.4.36 configured -- resuming normal operations
[Fri Jan 09 13:19:26 2015] [notice] Server built: Jul 10 2013 01:52:12
[Fri Jan 09 13:19:26 2015] [notice] Parent: Created child process 3304
Apache server interrupted...
otice] Child 3304: Child process is running
[Fri Jan 09 13:19:27 2015] [notice] Child 3304: Acquired the start mutex.
[Fri Jan 09 13:19:27 2015] [notice] Child 3304: Starting 64 worker threads.
[Fri Jan 09 13:19:27 2015] [notice] Child 3304: Starting thread to listen on port 8080.
[Fri Jan 09 13:24:57 2015] [notice] Parent: Received shutdown signal -- Shutting down the server.
[Fri Jan 09 13:24:57 2015] [notice] Child 3304: Exit event signaled. Child process is ending.
[Fri Jan 09 13:24:58 2015] [notice] Child 3304: Released the start mutex
[Fri Jan 09 13:24:59 2015] [notice] Child 3304: All worker threads have exited.
[Fri Jan 09 13:24:59 2015] [notice] Child 3304: Child process is exiting
[Fri Jan 09 13:24:59 2015] [notice] Parent: Child process exited successfully.
[Fri Jan 09 13:25:05 2015] [notice] Apache/2.2.25 (Win32) PHP/5.4.36 configured -- resuming normal operations
[Fri Jan 09 13:25:05 2015] [notice] Server built: Jul 10 2013 01:52:12
[Fri Jan 09 13:25:05 2015] [notice] Parent: Created child process 4112
Apache server interrupted...
otice] Child 4112: Child process is running
[Fri Jan 09 13:25:06 2015] [notice] Child 4112: Acquired the start mutex.
[Fri Jan 09 13:25:06 2015] [notice] Child 4112: Starting 64 worker threads.
[Fri Jan 09 13:25:06 2015] [notice] Child 4112: Starting thread to listen on port 8080.
[Fri Jan 09 13:27:47 2015] [notice] Parent: Received shutdown signal -- Shutting down the server.
[Fri Jan 09 13:27:47 2015] [notice] Child 4112: Exit event signaled. Child process is ending.
[Fri Jan 09 13:27:48 2015] [notice] Child 4112: Released the start mutex
[Fri Jan 09 13:27:49 2015] [notice] Child 4112: All worker threads have exited.
[Fri Jan 09 13:27:49 2015] [notice] Child 4112: Child process is exiting
Failed loading ext\php_xdebug.dll
[Fri Jan 09 13:27:49 2015] [notice] Parent: Child process exited successfully.
Failed loading ext\php_xdebug.dll
[Fri Jan 09 13:27:59 2015] [notice] Apache/2.2.25 (Win32) PHP/5.4.36 configured -- resuming normal operations
[Fri Jan 09 13:27:59 2015] [notice] Server built: Jul 10 2013 01:52:12
[Fri Jan 09 13:27:59 2015] [notice] Parent: Created child process 5104
Apache server interrupted...
otice] Child 5104: Child process is running
[Fri Jan 09 13:28:00 2015] [notice] Child 5104: Acquired the start mutex.
[Fri Jan 09 13:28:00 2015] [notice] Child 5104: Starting 64 worker threads.
[Fri Jan 09 13:28:00 2015] [notice] Child 5104: Starting thread to listen on port 8080.
[Fri Jan 09 13:28:12 2015] [notice] Parent: Received shutdown signal -- Shutting down the server.
[Fri Jan 09 13:28:12 2015] [notice] Child 5104: Exit event signaled. Child process is ending.
[Fri Jan 09 13:28:13 2015] [notice] Child 5104: Released the start mutex
[Fri Jan 09 13:28:14 2015] [notice] Child 5104: All worker threads have exited.
[Fri Jan 09 13:28:14 2015] [notice] Child 5104: Child process is exiting
[Fri Jan 09 13:28:14 2015] [notice] Parent: Child process exited successfully.
[Fri Jan 09 13:28:18 2015] [notice] Apache/2.2.25 (Win32) PHP/5.4.36 configured -- resuming normal operations
[Fri Jan 09 13:28:18 2015] [notice] Server built: Jul 10 2013 01:52:12
[Fri Jan 09 13:28:18 2015] [notice] Parent: Created child process 1268
Apache server interrupted...
otice] Child 1268: Child process is running
[Fri Jan 09 13:28:19 2015] [notice] Child 1268: Acquired the start mutex.
[Fri Jan 09 13:28:19 2015] [notice] Child 1268: Starting 64 worker threads.
[Fri Jan 09 13:28:19 2015] [notice] Child 1268: Starting thread to listen on port 8080.
[Fri Jan 09 13:29:01 2015] [notice] Parent: Received shutdown signal -- Shutting down the server.
[Fri Jan 09 13:29:01 2015] [notice] Child 1268: Exit event signaled. Child process is ending.
[Fri Jan 09 13:29:02 2015] [notice] Child 1268: Released the start mutex
[Fri Jan 09 13:29:03 2015] [notice] Child 1268: All worker threads have exited.
[Fri Jan 09 13:29:03 2015] [notice] Child 1268: Child process is exiting
[Fri Jan 09 13:29:03 2015] [notice] Parent: Child process exited successfully.
[Fri Jan 09 13:29:07 2015] [notice] Apache/2.2.25 (Win32) PHP/5.4.36 configured -- resuming normal operations
[Fri Jan 09 13:29:07 2015] [notice] Server built: Jul 10 2013 01:52:12
[Fri Jan 09 13:29:07 2015] [notice] Parent: Created child process 4324
Apache server interrupted...
otice] Child 4324: Child process is running
[Fri Jan 09 13:29:07 2015] [notice] Child 4324: Acquired the start mutex.
[Fri Jan 09 13:29:07 2015] [notice] Child 4324: Starting 64 worker threads.
[Fri Jan 09 13:29:07 2015] [notice] Child 4324: Starting thread to listen on port 8080.
[Fri Jan 09 13:31:16 2015] [notice] Parent: Received shutdown signal -- Shutting down the server.
[Fri Jan 09 13:31:16 2015] [notice] Child 4324: Exit event signaled. Child process is ending.
[Fri Jan 09 13:31:17 2015] [notice] Child 4324: Released the start mutex
[Fri Jan 09 13:31:18 2015] [notice] Child 4324: All worker threads have exited.
[Fri Jan 09 13:31:18 2015] [notice] Child 4324: Child process is exiting
[Fri Jan 09 13:31:18 2015] [notice] Parent: Child process exited successfully.
[Fri Jan 09 13:31:29 2015] [notice] Apache/2.2.25 (Win32) PHP/5.4.36 configured -- resuming normal operations
[Fri Jan 09 13:31:29 2015] [notice] Server built: Jul 10 2013 01:52:12
[Fri Jan 09 13:31:29 2015] [notice] Parent: Created child process 3972
Apache server interrupted...
otice] Child 3972: Child process is running
[Fri Jan 09 13:31:30 2015] [notice] Child 3972: Acquired the start mutex.
[Fri Jan 09 13:31:30 2015] [notice] Child 3972: Starting 64 worker threads.
[Fri Jan 09 13:31:30 2015] [notice] Child 3972: Starting thread to listen on port 8080.
[Fri Jan 09 13:36:27 2015] [notice] Parent: Received shutdown signal -- Shutting down the server.
[Fri Jan 09 13:36:27 2015] [notice] Child 3972: Exit event signaled. Child process is ending.
[Fri Jan 09 13:36:28 2015] [notice] Child 3972: Released the start mutex
[Fri Jan 09 13:36:29 2015] [notice] Child 3972: All worker threads have exited.
[Fri Jan 09 13:36:29 2015] [notice] Child 3972: Child process is exiting
[Fri Jan 09 13:36:29 2015] [notice] Parent: Child process exited successfully.
[Fri Jan 09 13:36:36 2015] [notice] Apache/2.2.25 (Win32) PHP/5.4.36 configured -- resuming normal operations
[Fri Jan 09 13:36:36 2015] [notice] Server built: Jul 10 2013 01:52:12
[Fri Jan 09 13:36:36 2015] [notice] Parent: Created child process 3620
Apache server interrupted...
otice] Child 3620: Child process is running
[Fri Jan 09 13:36:37 2015] [notice] Child 3620: Acquired the start mutex.
[Fri Jan 09 13:36:37 2015] [notice] Child 3620: Starting 64 worker threads.
[Fri Jan 09 13:36:37 2015] [notice] Child 3620: Starting thread to listen on port 8080.
[Fri Jan 09 14:13:23 2015] [notice] Parent: Received shutdown signal -- Shutting down the server.
[Fri Jan 09 14:13:23 2015] [notice] Child 3620: Exit event signaled. Child process is ending.
[Fri Jan 09 14:13:24 2015] [notice] Child 3620: Released the start mutex
[Fri Jan 09 14:13:25 2015] [notice] Child 3620: All worker threads have exited.
[Fri Jan 09 14:13:25 2015] [notice] Child 3620: Child process is exiting
[Fri Jan 09 14:13:25 2015] [notice] Parent: Child process exited successfully.
[Fri Jan 09 14:13:32 2015] [notice] Apache/2.2.25 (Win32) PHP/5.4.36 configured -- resuming normal operations
[Fri Jan 09 14:13:32 2015] [notice] Server built: Jul 10 2013 01:52:12
[Fri Jan 09 14:13:32 2015] [notice] Parent: Created child process 1032
Apache server interrupted...
otice] Child 1032: Child process is running
[Fri Jan 09 14:13:33 2015] [notice] Child 1032: Acquired the start mutex.
[Fri Jan 09 14:13:33 2015] [notice] Child 1032: Starting 64 worker threads.
[Fri Jan 09 14:13:33 2015] [notice] Child 1032: Starting thread to listen on port 8080.
[Fri Jan 09 14:13:54 2015] [notice] Parent: Received shutdown signal -- Shutting down the server.
[Fri Jan 09 14:13:54 2015] [notice] Child 1032: Exit event signaled. Child process is ending.
[Fri Jan 09 14:13:55 2015] [notice] Child 1032: Released the start mutex
[Fri Jan 09 14:13:56 2015] [notice] Child 1032: All worker threads have exited.
[Fri Jan 09 14:13:57 2015] [notice] Child 1032: Child process is exiting
[Fri Jan 09 14:13:57 2015] [notice] Parent: Child process exited successfully.
[Fri Jan 09 14:28:07 2015] [notice] Apache/2.2.25 (Win32) PHP/5.4.36 configured -- resuming normal operations
[Fri Jan 09 14:28:07 2015] [notice] Server built: Jul 10 2013 01:52:12
[Fri Jan 09 14:28:07 2015] [notice] Parent: Created child process 4660
Apache server interrupted...
otice] Child 4660: Child process is running
[Fri Jan 09 14:28:08 2015] [notice] Child 4660: Acquired the start mutex.
[Fri Jan 09 14:28:08 2015] [notice] Child 4660: Starting 64 worker threads.
[Fri Jan 09 14:28:08 2015] [notice] Child 4660: Starting thread to listen on port 8080.
[Fri Jan 09 14:28:46 2015] [notice] Parent: Received shutdown signal -- Shutting down the server.
[Fri Jan 09 14:28:46 2015] [notice] Child 4660: Exit event signaled. Child process is ending.
[Fri Jan 09 14:28:47 2015] [notice] Child 4660: Released the start mutex
[Fri Jan 09 14:28:48 2015] [notice] Child 4660: All worker threads have exited.
[Fri Jan 09 14:28:48 2015] [notice] Child 4660: Child process is exiting
[Fri Jan 09 14:28:48 2015] [notice] Parent: Child process exited successfully.
[Mon Jan 12 13:22:17 2015] [notice] Apache/2.2.25 (Win32) PHP/5.4.36 configured -- resuming normal operations
[Mon Jan 12 13:22:17 2015] [notice] Server built: Jul 10 2013 01:52:12
[Mon Jan 12 13:22:17 2015] [notice] Parent: Created child process 60256
[Mon Jan 12 13:22:17 2015] [notice] Child 60256: Child process is running
[Mon Jan 12 13:22:17 2015] [notice] Child 60256: Acquired the start mutex.
[Mon Jan 12 13:22:17 2015] [notice] Child 60256: Starting 64 worker threads.
[Mon Jan 12 13:22:17 2015] [notice] Child 60256: Starting thread to listen on port 8080.
[Mon Jan 12 13:25:26 2015] [notice] Apache/2.2.25 (Win32) PHP/5.4.36 configured -- resuming normal operations
[Mon Jan 12 13:25:26 2015] [notice] Server built: Jul 10 2013 01:52:12
[Mon Jan 12 13:25:26 2015] [notice] Parent: Created child process 59148
[Mon Jan 12 13:25:26 2015] [notice] Child 59148: Child process is running
[Mon Jan 12 13:25:26 2015] [notice] Child 59148: Acquired the start mutex.
[Mon Jan 12 13:25:26 2015] [notice] Child 59148: Starting 64 worker threads.
[Mon Jan 12 13:25:26 2015] [notice] Child 59148: Starting thread to listen on port 8080.
